<?xml version="1.0" encoding="UTF-8"?>
<!-- Generated by org.testng.reporters.JUnitXMLReporter -->
<testsuite ignored="0" hostname="TYSS" failures="1" tests="1" name="Test" time="299.592" errors="0" timestamp="2021-11-19T11:02:34 IST">
  <testcase classname="com.orangehrm.tests.TestCreateCandidate" name="candidateCreation" time="252.723">
    <failure type="java.lang.NullPointerException" message="Cannot invoke &amp;quot;org.apache.poi.ss.usermodel.Row.getCell(int)&amp;quot; because the return value of &amp;quot;org.apache.poi.ss.usermodel.Sheet.getRow(int)&amp;quot; is null">
      <![CDATA[java.lang.NullPointerException: Cannot invoke "org.apache.poi.ss.usermodel.Row.getCell(int)" because the return value of "org.apache.poi.ss.usermodel.Sheet.getRow(int)" is null
at com.orangehrm.gererics.Filelib.write_DataInExcel(Filelib.java:50)
at com.orangehrm.tests.TestCreateCandidate.candidateCreation(TestCreateCandidate.java:69)
at java.base/java.util.ArrayList.forEach(ArrayList.java:1511)
... Removed 27 stack frames]]>
    </failure>
  </testcase> <!-- candidateCreation -->
</testsuite> <!-- Test -->
