<?xml version="1.0" encoding="UTF-8"?>
<testng-results skipped="0" failed="0" ignored="0" total="1" passed="1">
  <reporter-output>
  </reporter-output>
  <suite name="Suite" duration-ms="32194" started-at="2020-07-03T06:22:49Z" finished-at="2020-07-03T06:23:21Z">
    <groups>
    </groups>
    <test name="Test" duration-ms="32194" started-at="2020-07-03T06:22:49Z" finished-at="2020-07-03T06:23:21Z">
      <class name="testingmaven.Openyoutube">
        <test-method status="PASS" signature="tc_3()[pri:0, instance:testingmaven.Openyoutube@15975490]" name="tc_3" duration-ms="32157" started-at="2020-07-03T06:22:49Z" finished-at="2020-07-03T06:23:21Z">
          <reporter-output>
          </reporter-output>
        </test-method> <!-- tc_3 -->
      </class> <!-- testingmaven.Openyoutube -->
    </test> <!-- Test -->
  </suite> <!-- Suite -->
</testng-results>
