<?xml version="1.0" encoding="UTF-8"?>
<testng-results skipped="0" failed="0" ignored="0" total="1" passed="1">
  <reporter-output>
  </reporter-output>
  <suite name="Suite" duration-ms="36251" started-at="2020-07-03T06:20:44Z" finished-at="2020-07-03T06:21:20Z">
    <groups>
    </groups>
    <test name="Test" duration-ms="36251" started-at="2020-07-03T06:20:44Z" finished-at="2020-07-03T06:21:20Z">
      <class name="testingmaven.Openyoutube">
        <test-method status="PASS" signature="tc_3()[pri:0, instance:testingmaven.Openyoutube@39aeed2f]" name="tc_3" duration-ms="36214" started-at="2020-07-03T06:20:44Z" finished-at="2020-07-03T06:21:20Z">
          <reporter-output>
          </reporter-output>
        </test-method> <!-- tc_3 -->
      </class> <!-- testingmaven.Openyoutube -->
    </test> <!-- Test -->
  </suite> <!-- Suite -->
</testng-results>
